<?xml version="1.0" encoding="UTF-8"?>
<!-- Generated by org.testng.reporters.JUnitXMLReporter -->
<testsuite hostname="LAPTOP-GGQTNJJE" ignored="4" name="Testsample" tests="1" failures="0" timestamp="2023-03-06T12:41:52 IST" time="12.701" errors="0">
  <testcase name="login" time="5.416" classname="Miniproject.demoblazeTest"/>
  <testcase name="delteitem" time="0.0" classname="Miniproject.demoblazeTest">
    <ignored/>
  </testcase> <!-- delteitem -->
  <testcase name="selectitem" time="0.0" classname="Miniproject.demoblazeTest">
    <ignored/>
  </testcase> <!-- selectitem -->
  <testcase name="palceorder" time="0.0" classname="Miniproject.demoblazeTest">
    <ignored/>
  </testcase> <!-- palceorder -->
  <testcase name="ClickMultipleItems" time="0.0" classname="Miniproject.demoblazeTest">
    <ignored/>
  </testcase> <!-- ClickMultipleItems -->
</testsuite> <!-- Testsample -->
