<?xml version="1.0" encoding="UTF-8"?>
<testng-results skipped="0" failed="1" ignored="0" total="8" passed="7">
  <reporter-output>
  </reporter-output>
  <suite name="Default suite" duration-ms="66509" started-at="2023-03-09T16:31:21 IST" finished-at="2023-03-09T16:32:27 IST">
    <groups>
      <group name="featureOne">
        <method signature="demoblazeTest.login()[pri:1, instance:Miniproject.demoblazeTest@5204062d]" name="login" class="Miniproject.demoblazeTest"/>
      </group> <!-- featureOne -->
    </groups>
    <test name="Default test" duration-ms="66509" started-at="2023-03-09T16:31:21 IST" finished-at="2023-03-09T16:32:27 IST">
      <class name="Miniproject.demoblazeTest">
        <test-method status="PASS" signature="CheomeBrowser()[pri:0, instance:Miniproject.demoblazeTest@5204062d]" name="CheomeBrowser" is-config="true" duration-ms="6004" started-at="2023-03-09T16:31:21 IST" finished-at="2023-03-09T16:31:27 IST">
          <reporter-output>
          </reporter-output>
        </test-method> <!-- CheomeBrowser -->
        <test-method status="PASS" signature="setupExtent()[pri:0, instance:Miniproject.demoblazeTest@5204062d]" name="setupExtent" is-config="true" duration-ms="245" started-at="2023-03-09T16:31:27 IST" finished-at="2023-03-09T16:31:27 IST">
          <reporter-output>
          </reporter-output>
        </test-method> <!-- setupExtent -->
        <test-method status="PASS" signature="login()[pri:1, instance:Miniproject.demoblazeTest@5204062d]" name="login" duration-ms="5257" started-at="2023-03-09T16:31:27 IST" finished-at="2023-03-09T16:31:32 IST">
          <reporter-output>
          </reporter-output>
        </test-method> <!-- login -->
        <test-method status="PASS" signature="selectitem()[pri:2, instance:Miniproject.demoblazeTest@5204062d]" name="selectitem" duration-ms="7019" started-at="2023-03-09T16:31:32 IST" finished-at="2023-03-09T16:31:39 IST">
          <reporter-output>
          </reporter-output>
        </test-method> <!-- selectitem -->
        <test-method status="PASS" signature="ClickMultipleItems(java.lang.String,java.lang.String)[pri:3, instance:Miniproject.demoblazeTest@5204062d]" name="ClickMultipleItems" duration-ms="7034" started-at="2023-03-09T16:31:39 IST" data-provider="Register" finished-at="2023-03-09T16:31:46 IST">
          <params>
            <param index="0">
              <value>
                <![CDATA[Phones]]>
              </value>
            </param>
            <param index="1">
              <value>
                <![CDATA[Samsung galaxy s6]]>
              </value>
            </param>
          </params>
          <reporter-output>
          </reporter-output>
        </test-method> <!-- ClickMultipleItems -->
        <test-method status="PASS" signature="ClickMultipleItems(java.lang.String,java.lang.String)[pri:3, instance:Miniproject.demoblazeTest@5204062d]" name="ClickMultipleItems" duration-ms="7298" started-at="2023-03-09T16:31:46 IST" data-provider="Register" finished-at="2023-03-09T16:31:54 IST">
          <params>
            <param index="0">
              <value>
                <![CDATA[Monitors]]>
              </value>
            </param>
            <param index="1">
              <value>
                <![CDATA[Apple monitor 24]]>
              </value>
            </param>
          </params>
          <reporter-output>
          </reporter-output>
        </test-method> <!-- ClickMultipleItems -->
        <test-method status="PASS" signature="ClickMultipleItems(java.lang.String,java.lang.String)[pri:3, instance:Miniproject.demoblazeTest@5204062d]" name="ClickMultipleItems" duration-ms="7474" started-at="2023-03-09T16:31:54 IST" data-provider="Register" finished-at="2023-03-09T16:32:01 IST">
          <params>
            <param index="0">
              <value>
                <![CDATA[Phones]]>
              </value>
            </param>
            <param index="1">
              <value>
                <![CDATA[Sony xperia z5]]>
              </value>
            </param>
          </params>
          <reporter-output>
          </reporter-output>
        </test-method> <!-- ClickMultipleItems -->
        <test-method status="PASS" signature="ClickMultipleItems(java.lang.String,java.lang.String)[pri:3, instance:Miniproject.demoblazeTest@5204062d]" name="ClickMultipleItems" duration-ms="7003" started-at="2023-03-09T16:32:01 IST" data-provider="Register" finished-at="2023-03-09T16:32:08 IST">
          <params>
            <param index="0">
              <value>
                <![CDATA[Laptops]]>
              </value>
            </param>
            <param index="1">
              <value>
                <![CDATA[MacBook air]]>
              </value>
            </param>
          </params>
          <reporter-output>
          </reporter-output>
        </test-method> <!-- ClickMultipleItems -->
        <test-method status="PASS" signature="delteitem()[pri:4, instance:Miniproject.demoblazeTest@5204062d]" name="delteitem" duration-ms="7438" started-at="2023-03-09T16:32:08 IST" finished-at="2023-03-09T16:32:16 IST">
          <reporter-output>
          </reporter-output>
        </test-method> <!-- delteitem -->
        <test-method status="FAIL" signature="palceorder()[pri:5, instance:Miniproject.demoblazeTest@5204062d]" name="palceorder" duration-ms="11160" started-at="2023-03-09T16:32:16 IST" finished-at="2023-03-09T16:32:27 IST">
          <exception class="org.openqa.selenium.NoSuchElementException">
            <message>
              <![CDATA[no such element: Unable to locate element: {"method":"xpath","selector":"//h2[contains(text(),'Thank You')]"}
  (Session info: chrome=110.0.5481.178)
For documentation on this error, please visit: https://selenium.dev/exceptions/#no_such_element
Build info: version: '4.6.0', revision: '79f1c02ae20'
System info: os.name: 'Windows 10', os.arch: 'amd64', os.version: '10.0', java.version: '1.8.0_202'
Driver info: org.openqa.selenium.chrome.ChromeDriver
Command: [47656d554f4fa7c260e68c3044ab1ee6, findElement {using=xpath, value=//h2[contains(text(),'Thank You')]}]
Capabilities {acceptInsecureCerts: false, browserName: chrome, browserVersion: 110.0.5481.178, chrome: {chromedriverVersion: 110.0.5481.77 (65ed616c6e8e..., userDataDir: C:\Users\Esakki Muthu\AppDa...}, goog:chromeOptions: {debuggerAddress: localhost:3543}, networkConnectionEnabled: false, pageLoadStrategy: normal, platformName: WINDOWS, proxy: Proxy(), se:cdp: ws://localhost:3543/devtool..., se:cdpVersion: 110.0.5481.178, setWindowRect: true, strictFileInteractability: false, timeouts: {implicit: 0, pageLoad: 300000, script: 30000}, unhandledPromptBehavior: dismiss and notify, webauthn:extension:credBlob: true, webauthn:extension:largeBlob: true, webauthn:virtualAuthenticators: true}
Session ID: 47656d554f4fa7c260e68c3044ab1ee6]]>
            </message>
            <full-stacktrace>
              <![CDATA[org.openqa.selenium.NoSuchElementException: no such element: Unable to locate element: {"method":"xpath","selector":"//h2[contains(text(),'Thank You')]"}
  (Session info: chrome=110.0.5481.178)
For documentation on this error, please visit: https://selenium.dev/exceptions/#no_such_element
Build info: version: '4.6.0', revision: '79f1c02ae20'
System info: os.name: 'Windows 10', os.arch: 'amd64', os.version: '10.0', java.version: '1.8.0_202'
Driver info: org.openqa.selenium.chrome.ChromeDriver
Command: [47656d554f4fa7c260e68c3044ab1ee6, findElement {using=xpath, value=//h2[contains(text(),'Thank You')]}]
Capabilities {acceptInsecureCerts: false, browserName: chrome, browserVersion: 110.0.5481.178, chrome: {chromedriverVersion: 110.0.5481.77 (65ed616c6e8e..., userDataDir: C:\Users\Esakki Muthu\AppDa...}, goog:chromeOptions: {debuggerAddress: localhost:3543}, networkConnectionEnabled: false, pageLoadStrategy: normal, platformName: WINDOWS, proxy: Proxy(), se:cdp: ws://localhost:3543/devtool..., se:cdpVersion: 110.0.5481.178, setWindowRect: true, strictFileInteractability: false, timeouts: {implicit: 0, pageLoad: 300000, script: 30000}, unhandledPromptBehavior: dismiss and notify, webauthn:extension:credBlob: true, webauthn:extension:largeBlob: true, webauthn:virtualAuthenticators: true}
Session ID: 47656d554f4fa7c260e68c3044ab1ee6
at sun.reflect.NativeConstructorAccessorImpl.newInstance0(Native Method)
at sun.reflect.NativeConstructorAccessorImpl.newInstance(NativeConstructorAccessorImpl.java:62)
at sun.reflect.DelegatingConstructorAccessorImpl.newInstance(DelegatingConstructorAccessorImpl.java:45)
at java.lang.reflect.Constructor.newInstance(Constructor.java:423)
at org.openqa.selenium.remote.codec.w3c.W3CHttpResponseCodec.createException(W3CHttpResponseCodec.java:200)
at org.openqa.selenium.remote.codec.w3c.W3CHttpResponseCodec.decode(W3CHttpResponseCodec.java:133)
at org.openqa.selenium.remote.codec.w3c.W3CHttpResponseCodec.decode(W3CHttpResponseCodec.java:53)
at org.openqa.selenium.remote.HttpCommandExecutor.execute(HttpCommandExecutor.java:184)
at org.openqa.selenium.remote.service.DriverCommandExecutor.invokeExecute(DriverCommandExecutor.java:167)
at org.openqa.selenium.remote.service.DriverCommandExecutor.execute(DriverCommandExecutor.java:142)
at org.openqa.selenium.remote.RemoteWebDriver.execute(RemoteWebDriver.java:541)
at org.openqa.selenium.remote.ElementLocation$ElementFinder$2.findElement(ElementLocation.java:162)
at org.openqa.selenium.remote.ElementLocation.findElement(ElementLocation.java:60)
at org.openqa.selenium.remote.RemoteWebDriver.findElement(RemoteWebDriver.java:365)
at org.openqa.selenium.remote.RemoteWebDriver.findElement(RemoteWebDriver.java:357)
at Miniproject.demoblazeTest.palceorder(demoblazeTest.java:143)
at sun.reflect.NativeMethodAccessorImpl.invoke0(Native Method)
at sun.reflect.NativeMethodAccessorImpl.invoke(NativeMethodAccessorImpl.java:62)
at sun.reflect.DelegatingMethodAccessorImpl.invoke(DelegatingMethodAccessorImpl.java:43)
at java.lang.reflect.Method.invoke(Method.java:498)
at org.testng.internal.MethodInvocationHelper.invokeMethod(MethodInvocationHelper.java:133)
at org.testng.internal.TestInvoker.invokeMethod(TestInvoker.java:598)
at org.testng.internal.TestInvoker.invokeTestMethod(TestInvoker.java:173)
at org.testng.internal.MethodRunner.runInSequence(MethodRunner.java:46)
at org.testng.internal.TestInvoker$MethodInvocationAgent.invoke(TestInvoker.java:824)
at org.testng.internal.TestInvoker.invokeTestMethods(TestInvoker.java:146)
at org.testng.internal.TestMethodWorker.invokeTestMethods(TestMethodWorker.java:146)
at org.testng.internal.TestMethodWorker.run(TestMethodWorker.java:128)
at java.util.ArrayList.forEach(ArrayList.java:1257)
at org.testng.TestRunner.privateRun(TestRunner.java:794)
at org.testng.TestRunner.run(TestRunner.java:596)
at org.testng.SuiteRunner.runTest(SuiteRunner.java:377)
at org.testng.SuiteRunner.runSequentially(SuiteRunner.java:371)
at org.testng.SuiteRunner.privateRun(SuiteRunner.java:332)
at org.testng.SuiteRunner.run(SuiteRunner.java:276)
at org.testng.SuiteRunnerWorker.runSuite(SuiteRunnerWorker.java:53)
at org.testng.SuiteRunnerWorker.run(SuiteRunnerWorker.java:96)
at org.testng.TestNG.runSuitesSequentially(TestNG.java:1212)
at org.testng.TestNG.runSuitesLocally(TestNG.java:1134)
at org.testng.TestNG.runSuites(TestNG.java:1063)
at org.testng.TestNG.run(TestNG.java:1031)
at org.testng.remote.AbstractRemoteTestNG.run(AbstractRemoteTestNG.java:115)
at org.testng.remote.RemoteTestNG.initAndRun(RemoteTestNG.java:251)
at org.testng.remote.RemoteTestNG.main(RemoteTestNG.java:77)
]]>
            </full-stacktrace>
          </exception> <!-- org.openqa.selenium.NoSuchElementException -->
          <reporter-output>
          </reporter-output>
        </test-method> <!-- palceorder -->
        <test-method status="PASS" signature="close()[pri:0, instance:Miniproject.demoblazeTest@5204062d]" name="close" is-config="true" duration-ms="502" started-at="2023-03-09T16:32:27 IST" finished-at="2023-03-09T16:32:27 IST">
          <reporter-output>
          </reporter-output>
        </test-method> <!-- close -->
      </class> <!-- Miniproject.demoblazeTest -->
    </test> <!-- Default test -->
  </suite> <!-- Default suite -->
</testng-results>
